Loading svelte-check in workspace: /home/mitch/projects/maintainer-one
Getting Svelte diagnostics...

/home/mitch/projects/maintainer-one/src/lib/components/MonacoEditor.svelte:39:32
Error: Property 'typescriptDefaults' does not exist on type '{ deprecated: true; }'. (ts)
			// Configure TypeScript Compiler Options
			monaco.languages.typescript.typescriptDefaults.setCompilerOptions({
				target: monaco.languages.typescript.ScriptTarget.ESNext,

/home/mitch/projects/maintainer-one/src/lib/components/MonacoEditor.svelte:40:41
Error: Property 'ScriptTarget' does not exist on type '{ deprecated: true; }'. (ts)
			monaco.languages.typescript.typescriptDefaults.setCompilerOptions({
				target: monaco.languages.typescript.ScriptTarget.ESNext,
				allowNonTsExtensions: true,

/home/mitch/projects/maintainer-one/src/lib/components/MonacoEditor.svelte:42:51
Error: Property 'ModuleResolutionKind' does not exist on type '{ deprecated: true; }'. (ts)
				allowNonTsExtensions: true,
				moduleResolution: monaco.languages.typescript.ModuleResolutionKind.NodeJs,
				module: monaco.languages.typescript.ModuleKind.CommonJS,

/home/mitch/projects/maintainer-one/src/lib/components/MonacoEditor.svelte:43:41
Error: Property 'ModuleKind' does not exist on type '{ deprecated: true; }'. (ts)
				moduleResolution: monaco.languages.typescript.ModuleResolutionKind.NodeJs,
				module: monaco.languages.typescript.ModuleKind.CommonJS,
				noEmit: true,

/home/mitch/projects/maintainer-one/src/lib/components/MonacoEditor.svelte:49:32
Error: Property 'typescriptDefaults' does not exist on type '{ deprecated: true; }'. (ts)
			// Feed the engine types to Monaco
			monaco.languages.typescript.typescriptDefaults.addExtraLib(typesRaw, 'file:///packages/engine/types.ts');
			monaco.languages.typescript.typescriptDefaults.addExtraLib(teamApiRaw, 'file:///packages/engine/team_api.ts');

/home/mitch/projects/maintainer-one/src/lib/components/MonacoEditor.svelte:50:32
Error: Property 'typescriptDefaults' does not exist on type '{ deprecated: true; }'. (ts)
			monaco.languages.typescript.typescriptDefaults.addExtraLib(typesRaw, 'file:///packages/engine/types.ts');
			monaco.languages.typescript.typescriptDefaults.addExtraLib(teamApiRaw, 'file:///packages/engine/team_api.ts');

/home/mitch/projects/maintainer-one/src/routes/film-room/+page.svelte:386:1
Warn: `<div>` with a mousemove, mouseup or mouseleave handler must have an ARIA role
https://svelte.dev/e/a11y_no_static_element_interactions (svelte)

<div 
	class="flex h-screen w-full overflow-hidden bg-[var(--color-background-dark)] text-[var(--color-brand-secondary)]/90 selection:bg-[var(--color-brand-primary)]/30 font-sans"
	onmousemove={handleMouseMove}
	onmouseup={stopResizing}
	onmouseleave={stopResizing}
>
	<!-- Left Side: Editor -->
	<aside 
		class="flex flex-col border-r border-white/5 bg-black/20 backdrop-blur-xl"
		style="width: {asideWidth}px"
	>
		<header class="flex h-20 flex-col border-b border-white/5 px-6 pt-4">
			<div class="mb-2 flex items-center justify-between">
				<h2 class="text-[10px] font-black uppercase tracking-[0.2em] text-[var(--color-brand-primary)]">Logic Editor</h2>
				<div class="flex items-center gap-3">
					{#if isSimulating}
						<span class="flex items-center gap-1.5 text-[9px] font-bold text-[var(--color-brand-primary)]/70 uppercase">
							<span class="h-1.5 w-1.5 animate-ping rounded-full bg-[var(--color-brand-primary)]"></span>
							Calculating...
						</span>
					{:else}
						<button 
							onclick={publishLogic}
							class="rounded-lg bg-[var(--color-brand-primary)]/10 px-3 py-1 text-[10px] font-black text-[var(--color-brand-primary)] hover:bg-[var(--color-brand-primary)]/20 transition-colors uppercase tracking-wider"
						>
							Publish
						</button>
					{/if}
				</div>
			</div>
			{#if errorMessage}
				<div class="mb-2 rounded border border-rose-500/20 bg-rose-500/10 px-3 py-1.5 text-[9px] font-medium text-rose-400">
					Error: {errorMessage}
				</div>
			{/if}
			<!-- Tabs -->
			<div class="flex gap-6">
				<button 
					onclick={() => activeTab = 'A'}
					class="pb-2 text-[10px] font-black uppercase tracking-widest transition-all {activeTab === 'A' ? 'border-b-2 border-blue-500 text-blue-400' : 'text-white/20 hover:text-white/40'}"
				>
					Alpha
				</button>
				<button 
					onclick={() => activeTab = 'B'}
					class="pb-2 text-[10px] font-black uppercase tracking-widest transition-all {activeTab === 'B' ? 'border-b-2 border-rose-500 text-rose-400' : 'text-white/20 hover:text-white/40'}"
				>
					Bravo
				</button>
				<button 
					onclick={() => activeTab = 'REF'}
					class="pb-2 text-[10px] font-black uppercase tracking-widest transition-all {activeTab === 'REF' ? 'border-b-2 border-[var(--color-brand-primary)] text-[var(--color-brand-primary)]' : 'text-white/20 hover:text-white/40'}"
				>
					Reference
				</button>
			</div>
		</header>
		<div class="flex-1 overflow-y-auto no-scrollbar p-4">
			{#if activeTab === 'REF'}
				<!-- Protocol Reference Tab Content -->
				<div class="space-y-8 p-2">
					<section class="space-y-4">
						<h3 class="text-[10px] font-black text-white/20 uppercase tracking-[0.2em]">Protocol Reference</h3>
						
						<div class="space-y-4">
							<div class="rounded-2xl border border-white/5 bg-black/40 p-5">
								<div class="mb-2 text-[9px] font-black text-[var(--color-brand-primary)] uppercase tracking-wider">SensedState</div>
								<pre class="text-[10px] leading-relaxed text-[var(--color-brand-secondary)]/40"><code>{`{
  tick: number,
  players: Player[],
  pointZone: PointZone,
  teams: { A, B }
}`}</code></pre>
							</div>

							<div class="rounded-2xl border border-white/5 bg-black/40 p-5">
								<div class="mb-2 text-[9px] font-black text-[var(--color-brand-primary)] uppercase tracking-wider">Player</div>
								<pre class="text-[10px] leading-relaxed text-[var(--color-brand-secondary)]/40"><code>{`{
  id: string,
  team: 'A' | 'B',
  position: { x, y },
  status: 'active' | 'stunned' | 'knocked_out',
  stunTicks?: number
}`}</code></pre>
							</div>

							<div class="rounded-2xl border border-white/5 bg-black/40 p-5">
								<div class="mb-2 text-[9px] font-black text-[var(--color-brand-primary)] uppercase tracking-wider">Action</div>
								<pre class="text-[10px] leading-relaxed text-[var(--color-brand-secondary)]/40"><code>{`{
  playerId: string,
  type: 'MOVE' | 'STAY',
  direction?: 'UP' | 'DOWN' | ...
}`}</code></pre>
							</div>
						</div>
					</section>

					<section class="rounded-2xl border border-[var(--color-brand-primary)]/10 bg-[var(--color-brand-primary)]/5 p-5">
						{#if currentProtocol}
							<h3 class="mb-2 text-[10px] font-black text-[var(--color-brand-primary)] uppercase tracking-widest">{currentProtocol.name}</h3>
							<p class="text-xs leading-relaxed text-[var(--color-brand-secondary)]/50 font-medium whitespace-pre-wrap">{currentProtocol.description}</p>
						{:else}
							<h3 class="mb-2 text-[10px] font-black text-[var(--color-brand-primary)] uppercase tracking-widest">About Protocol</h3>
							<p class="text-xs leading-relaxed text-[var(--color-brand-secondary)]/50 font-medium animate-pulse">Loading protocol data...</p>
						{/if}
					</section>
				</div>
			{:else}
				{#if browser && Editor}
					<Editor code={currentLogicCode} onCodeChange={handleCodeChange} />
				{/if}
			{/if}
		</div>
		<footer class="border-t border-white/5 p-4 text-[10px] text-white/20 font-medium italic">
			* Editing code will branch the simulation from the current tick.
		</footer>
	</aside>

	<!-- Resize Handle -->
	<div 
		onmousedown={startResizing}
		class="w-1 cursor-col-resize bg-zinc-800/50 transition-colors hover:bg-emerald-500/50 active:bg-emerald-500"
		role="separator"
	></div>

	<!-- Middle: Field + Controls -->
	<main class="flex flex-1 flex-col p-6 lg:p-10 bg-[var(--color-background-dark)]">
		<header class="mb-12 flex items-center justify-between">
			<div class="flex items-center gap-8">
				
				<!-- Identity Block Card -->
				<div class="inline-flex flex-col rounded-3xl border border-white/10 bg-black/40 p-4 pr-8 shadow-2xl backdrop-blur-3xl">
					<div class="flex items-center gap-4">
						<a href="{base}/" class="group flex h-10 w-10 items-center justify-center rounded-xl border border-white/5 bg-black/20 text-white/20 transition-all hover:border-[var(--color-brand-primary)]/30 hover:bg-[var(--color-brand-primary)]/5 hover:text-[var(--color-brand-primary)] hover:scale-105 active:scale-95 shadow-lg backdrop-blur-md" aria-label="Go Back">
							<svg class="h-5 w-5 transition-transform group-hover:-translate-x-0.5" fill="none" stroke="currentColor" viewBox="0 0 24 24"><path stroke-linecap="round" stroke-linejoin="round" stroke-width="2" d="M10 19l-7-7m0 0l7-7m-7 7h18"/></svg>
						</a>
						<div class="flex flex-col">
							<h1 class="text-xl font-black tracking-tighter text-[var(--color-brand-secondary)] uppercase leading-none">
								Film <span class="text-[var(--color-brand-primary)]">Room</span>
							</h1>
							<p class="text-[8px] font-black text-white/20 uppercase tracking-[0.4em] mt-1.5">Replay & Branching</p>
						</div>
					</div>
				</div>
			</div>

			<div class="flex items-center gap-2 rounded-full bg-black/30 px-4 py-2 text-[9px] font-black text-white/40 uppercase tracking-[0.2em] border border-white/5 shadow-xl backdrop-blur-md">
				<span class="h-1.5 w-1.5 rounded-full animate-pulse bg-[var(--color-brand-primary)] shadow-[0_0_8px_var(--color-brand-primary)]"></span> Live Analysis
			</div>
		</header>

		{#if currentState}
			<div class="flex flex-1 flex-col items-center justify-center gap-10 overflow-hidden min-h-0">
				<!-- Pitch -->
				<div class="flex-1 w-full min-h-0 flex items-center justify-center overflow-hidden p-4">
					<ReplayGrid state={currentState} />
				</div>

				<!-- Playback Hub (Floating Glass) -->
				<div class="w-full max-w-3xl space-y-5 rounded-3xl border border-white/10 bg-black/40 p-6 shadow-2xl backdrop-blur-2xl">
					<div class="flex items-center gap-6">
						<div class="flex items-center gap-3">
							<button
								onclick={stepBackward}
								aria-label="Previous Tick"
								class="flex h-10 w-10 items-center justify-center rounded-xl bg-white/5 text-white/40 transition-all hover:bg-white/10 hover:text-white active:scale-90 border border-white/5"
							>
								<svg class="h-5 w-5" fill="currentColor" viewBox="0 0 24 24"><path d="M15.41 7.41L14 6l-6 6 6 6 1.41-1.41L10.83 12z"/></svg>
							</button>
							<button
								onclick={togglePlayback}
								aria-label={isPlaying ? 'Pause' : 'Play'}
								class="flex h-12 w-12 flex-shrink-0 items-center justify-center rounded-xl bg-[var(--color-brand-primary)] text-[var(--color-background-dark)] transition-all hover:scale-110 active:scale-95 shadow-lg shadow-[var(--color-brand-primary)]/20"
							>
								{#if isPlaying}
									<svg class="h-6 w-6" fill="currentColor" viewBox="0 0 24 24"><path d="M6 19h4V5H6v14zm8-14v14h4V5h-4z"/></svg>
								{:else}
									<svg class="h-6 w-6 translate-x-0.5" fill="currentColor" viewBox="0 0 24 24"><path d="M8 5v14l11-7z"/></svg>
								{/if}
							</button>
							<button
								onclick={stepForward}
								aria-label="Next Tick"
								class="flex h-10 w-10 items-center justify-center rounded-xl bg-white/5 text-white/40 transition-all hover:bg-white/10 hover:text-white active:scale-90 border border-white/5"
							>
								<svg class="h-5 w-5" fill="currentColor" viewBox="0 0 24 24"><path d="M10 6L8.59 7.41 13.17 12l-4.58 4.59L10 18l6-6z"/></svg>
							</button>
						</div>

						<div class="relative flex-1 group">
							<input
								type="range"
								min="0"
								max={states.length - 1}
								bind:value={currentTick}
								class="h-2 w-full cursor-pointer appearance-none rounded-full bg-white/5 accent-[var(--color-brand-primary)]"
							/>
							{#if branchTick !== null}
								<div 
									class="absolute top-0 bottom-0 w-0.5 bg-blue-500 shadow-[0_0_10px_rgba(59,130,246,1)] pointer-events-none"
									style="left: {(branchTick / (states.length - 1)) * 100}%"
									title="Simulation Branch Point"
								></div>
							{/if}
						</div>

						<div class="flex items-center gap-2 relative">
							<button
								onclick={() => isSpeedOpen = !isSpeedOpen}
								class="rounded-xl border border-white/5 bg-black/40 px-4 py-2 text-[10px] font-black uppercase text-[var(--color-brand-secondary)] outline-none hover:bg-black/60 focus:ring-1 focus:ring-[var(--color-brand-primary)] min-w-[75px] flex items-center justify-between gap-2"
							>
								<span>{playSpeed === 1500 ? '0.5x' : playSpeed === 750 ? '1.0x' : playSpeed === 375 ? '2.0x' : 'MAX'}</span>
								<svg class="h-3 w-3 opacity-30 transition-transform {isSpeedOpen ? 'rotate-180' : ''}" fill="none" stroke="currentColor" viewBox="0 0 24 24"><path stroke-linecap="round" stroke-linejoin="round" stroke-width="2" d="M19 9l-7 7-7-7"/></svg>
							</button>

							{#if isSpeedOpen}
								<div 
									class="absolute bottom-full right-0 z-50 mb-2 rounded-2xl border border-white/10 bg-black/80 backdrop-blur-3xl shadow-2xl overflow-hidden p-1 min-w-[85px]"
									transition:fade={{ duration: 150 }}
								>
									{#each [{v: 1500, l: '0.5x'}, {v: 750, l: '1.0x'}, {v: 375, l: '2.0x'}, {v: 100, l: 'MAX'}] as speed}
										<button 
											onclick={() => {
												playSpeed = speed.v;
												stopPlayback();
												isSpeedOpen = false;
											}}
											class="w-full px-3 py-2 text-left text-[10px] font-black transition-all rounded-lg {playSpeed === speed.v ? 'text-[var(--color-brand-primary)] bg-[var(--color-brand-primary)]/10' : 'text-white/40 hover:text-white hover:bg-white/5'}"
										>
											{speed.l}
										</button>
									{/each}
								</div>
							{/if}
						</div>
					</div>
				</div>
			</div>
		{:else}
			<div class="flex flex-1 items-center justify-center italic text-white/20 font-black uppercase tracking-widest text-sm">
				<span class="animate-pulse">Decoding replay buffer...</span>
			</div>
		{/if}
	</main>

	<!-- Analysis Sidebar (Right) -->
	<aside class="flex w-80 flex-col border-l border-white/5 bg-black/20 p-6 backdrop-blur-3xl lg:p-8">
		<div class="mb-10 relative">
			<label class="mb-3 block text-[10px] font-black tracking-[0.2em] text-white/30 uppercase">
				Match Library
			</label>
			<button 
				onclick={() => isLibraryOpen = !isLibraryOpen}
				class="w-full flex items-center justify-between rounded-xl border border-white/10 bg-black/40 px-4 py-3 text-xs font-black text-[var(--color-brand-secondary)] outline-none hover:bg-black/60 transition-all group"
			>
				<span>
					{#if selectedReplayId}
						{@const selected = replays.find(r => r.id === selectedReplayId)}
						{selected ? `${selected.home_team.name} vs ${selected.away_team.name}` : 'Select a match'}
					{:else}
						Select a match
					{/if}
				</span>
				<svg class="h-4 w-4 transition-transform duration-300 {isLibraryOpen ? 'rotate-180' : ''} text-white/20 group-hover:text-[var(--color-brand-primary)]" fill="none" stroke="currentColor" viewBox="0 0 24 24"><path stroke-linecap="round" stroke-linejoin="round" stroke-width="2" d="M19 9l-7 7-7-7"/></svg>
			</button>

			{#if isLibraryOpen}
				<div 
					class="absolute top-full left-0 right-0 z-50 mt-2 rounded-2xl border border-white/10 bg-black/80 backdrop-blur-3xl shadow-2xl overflow-hidden p-1 max-h-60 overflow-y-auto no-scrollbar"
					transition:fade={{ duration: 150 }}
				>
					{#each replays as replay}
						<button 
							onclick={() => {
								selectedReplayId = replay.id;
								loadMatchReplay(replay.id);
								isLibraryOpen = false;
							}}
							class="w-full px-4 py-3 text-left text-[11px] font-bold transition-all rounded-xl {selectedReplayId === replay.id ? 'text-[var(--color-brand-primary)] bg-[var(--color-brand-primary)]/10' : 'text-white/40 hover:text-white hover:bg-white/5'}"
						>
							<div class="flex items-center justify-between">
								<span>{replay.home_team.name} vs {replay.away_team.name}</span>
								{#if selectedReplayId === replay.id}
									<span class="h-1.5 w-1.5 rounded-full bg-[var(--color-brand-primary)] shadow-[0_0_8px_rgba(5,150,105,1)]"></span>
								{/if}
							</div>
						</button>
					{/each}
				</div>
			{/if}
		</div>

		<div class="flex-1 flex flex-col min-h-0 space-y-6">
			<!-- Live Stats -->
			<section class="space-y-4 flex-shrink-0">
				<h3 class="text-[10px] font-black text-white/20 uppercase tracking-[0.2em]">Match Analysis</h3>
				
				<div class="rounded-2xl border border-white/5 bg-white/5 p-5 shadow-inner">
					<div class="mb-1 text-[9px] font-black text-[var(--color-brand-primary)] uppercase tracking-wider">Elapsed Ticks</div>
					<div class="text-3xl font-black tracking-tighter text-white">
						{currentTick} <span class="text-white/10">/ {states.length - 1}</span>
					</div>
				</div>

				<div class="grid grid-cols-2 gap-3">
					<div class="rounded-2xl border border-blue-500/10 bg-blue-500/10 p-4">
						<div class="mb-1 text-[9px] font-black text-blue-400 uppercase tracking-wider">Alpha</div>
						<div class="text-2xl font-black text-blue-300">{currentState?.teams.A.score ?? 0}</div>
					</div>
					<div class="rounded-2xl border border-rose-500/20 bg-rose-500/10 p-4">
						<div class="mb-1 text-[9px] font-black text-rose-400 uppercase tracking-wider">Bravo</div>
						<div class="text-2xl font-black text-rose-300">{currentState?.teams.B.score ?? 0}</div>
					</div>
				</div>
			</section>

			<!-- Live State Inspector -->
			<section class="flex-1 min-h-0 flex flex-col rounded-2xl border border-[var(--color-brand-primary)]/10 bg-[var(--color-brand-primary)]/5 p-5">
				<div class="mb-4 flex items-center justify-between flex-shrink-0">
					<h4 class="text-[9px] font-black text-[var(--color-brand-primary)] uppercase tracking-widest">Live Data</h4>
					<span class="text-[8px] font-bold text-[var(--color-brand-primary)]/40 uppercase tracking-widest">Tick {currentTick}</span>
				</div>
				<div class="flex-1 overflow-y-auto no-scrollbar">
					{#if currentState}
						<StateInspector data={currentState} />
					{/if}
				</div>
			</section>
		</div>
	</aside>
</div>

/home/mitch/projects/maintainer-one/src/routes/film-room/+page.svelte:505:2
Warn: Non-interactive element `<div>` should not be assigned mouse or keyboard event listeners
https://svelte.dev/e/a11y_no_noninteractive_element_interactions (svelte)
	<!-- Resize Handle -->
	<div 
		onmousedown={startResizing}
		class="w-1 cursor-col-resize bg-zinc-800/50 transition-colors hover:bg-emerald-500/50 active:bg-emerald-500"
		role="separator"
	></div>

/home/mitch/projects/maintainer-one/src/routes/film-room/+page.svelte:634:4
Warn: A form label must be associated with a control
https://svelte.dev/e/a11y_label_has_associated_control (svelte)
		<div class="mb-10 relative">
			<label class="mb-3 block text-[10px] font-black tracking-[0.2em] text-white/30 uppercase">
				Match Library
			</label>
			<button

====================================
svelte-check found 6 errors and 3 warnings in 2 files
