[0m[32mTask[0m [0m[36mdev[0m vite dev
4:02:32 PM [vite] (client) Re-optimizing dependencies because vite config has changed

  VITE v8.0.10  ready in 250 ms

  ➜  Local:   http://localhost:5173/
  ➜  Network: use --host to expose
[36m4:02:39 PM [vite-plugin-svelte] src/routes/multiview/+page.svelte:285:2 Visible, non-interactive elements with a click event must be accompanied by a keyboard event handler. Consider whether an interactive element such as `<button type="button">` or `<a>` might be more appropriate
https://svelte.dev/e/a11y_click_events_have_key_events[39m
[36m4:02:39 PM [vite-plugin-svelte] src/routes/multiview/+page.svelte:285:2 `<div>` with a click handler must have an ARIA role
https://svelte.dev/e/a11y_no_static_element_interactions[39m
[36m4:02:39 PM [vite-plugin-svelte] src/routes/multiview/+page.svelte:298:4 Buttons and links should either contain text or have an `aria-label`, `aria-labelledby` or `title` attribute
https://svelte.dev/e/a11y_consider_explicit_label[39m
[36m4:02:39 PM [vite-plugin-svelte] src/lib/components/Modal.svelte:26:8 Visible, non-interactive elements with a click event must be accompanied by a keyboard event handler. Consider whether an interactive element such as `<button type="button">` or `<a>` might be more appropriate
https://svelte.dev/e/a11y_click_events_have_key_events[39m
[36m4:02:39 PM [vite-plugin-svelte] src/lib/components/Modal.svelte:26:8 `<div>` with a click handler must have an ARIA role
https://svelte.dev/e/a11y_no_static_element_interactions[39m
4:03:10 PM [vite] (ssr) page reload src/routes/multiview/+page.svelte
4:04:07 PM [vite] (ssr) page reload .svelte-kit/generated/server/internal.js
4:04:07 PM [vite] (ssr) page reload .svelte-kit/generated/root.svelte
4:04:07 PM [vite] (ssr) page reload .svelte-kit/generated/root.js
4:41:51 PM [vite] (ssr) page reload src/routes/multiview/+page.svelte
4:52:34 PM [vite] (ssr) page reload /home/mitch/projects/maintainer-one/packages/protocols/v1/league.ts
4:56:24 PM [vite] (ssr) page reload src/lib/workers/sim.worker.ts
4:56:29 PM [vite] (ssr) page reload src/lib/workers/sim.worker.ts
4:56:36 PM [vite] (ssr) page reload src/lib/simulation.ts
4:56:44 PM [vite] (ssr) page reload src/lib/simulation.ts
5:01:25 PM [vite] (ssr) page reload src/lib/simulation.ts
